Using pre-set license
Built from '2021.3/staging' branch; Version is '2021.3.21f1 (1b156197d683) revision 1774945'; Using compiler version '192829333'; Build Type 'Release'
OS: 'Windows 11  (10.0.22631) 64bit Professional' Language: 'ru' Physical Memory: 32620 MB
BatchMode: 1, IsHumanControllingUs: 0, StartBugReporterOnCrash: 0, Is64bit: 1, IsPro: 1

COMMAND LINE ARGUMENTS:
C:\Program Files\Unity\Hub\Editor\2021.3.21f1\Editor\Unity.exe
-adb2
-batchMode
-noUpm
-name
AssetImportWorker4
-projectPath
E:/Unity/Unity Editor/Unity Projects/ZombuShooter
-logFile
Logs/AssetImportWorker4.log
-srvPort
63185
Successfully changed project path to: E:/Unity/Unity Editor/Unity Projects/ZombuShooter
E:/Unity/Unity Editor/Unity Projects/ZombuShooter
[UnityMemory] Configuration Parameters - Can be set up in boot.config
    "memorysetup-bucket-allocator-granularity=16"
    "memorysetup-bucket-allocator-bucket-count=8"
    "memorysetup-bucket-allocator-block-size=33554432"
    "memorysetup-bucket-allocator-block-count=8"
    "memorysetup-main-allocator-block-size=16777216"
    "memorysetup-thread-allocator-block-size=16777216"
    "memorysetup-gfx-main-allocator-block-size=16777216"
    "memorysetup-gfx-thread-allocator-block-size=16777216"
    "memorysetup-cache-allocator-block-size=4194304"
    "memorysetup-typetree-allocator-block-size=2097152"
    "memorysetup-profiler-bucket-allocator-granularity=16"
    "memorysetup-profiler-bucket-allocator-bucket-count=8"
    "memorysetup-profiler-bucket-allocator-block-size=33554432"
    "memorysetup-profiler-bucket-allocator-block-count=8"
    "memorysetup-profiler-allocator-block-size=16777216"
    "memorysetup-profiler-editor-allocator-block-size=1048576"
    "memorysetup-temp-allocator-size-main=16777216"
    "memorysetup-job-temp-allocator-block-size=2097152"
    "memorysetup-job-temp-allocator-block-size-background=1048576"
    "memorysetup-job-temp-allocator-reduction-small-platforms=262144"
    "memorysetup-temp-allocator-size-background-worker=32768"
    "memorysetup-temp-allocator-size-job-worker=262144"
    "memorysetup-temp-allocator-size-preload-manager=33554432"
    "memorysetup-temp-allocator-size-nav-mesh-worker=65536"
    "memorysetup-temp-allocator-size-audio-worker=65536"
    "memorysetup-temp-allocator-size-cloud-worker=32768"
    "memorysetup-temp-allocator-size-gi-baking-worker=262144"
    "memorysetup-temp-allocator-size-gfx=262144"
Player connection [17696] Host "[IP] 192.168.1.2 [Port] 0 [Flags] 2 [Guid] 2239372972 [EditorId] 2239372972 [Version] 1048832 [Id] WindowsEditor(7,HellHound) [Debug] 1 [PackageName] WindowsEditor [ProjectName] Editor" joined multi-casting on [225.0.0.222:54997]...

Player connection [17696] Host "[IP] 192.168.1.2 [Port] 0 [Flags] 2 [Guid] 2239372972 [EditorId] 2239372972 [Version] 1048832 [Id] WindowsEditor(7,HellHound) [Debug] 1 [PackageName] WindowsEditor [ProjectName] Editor" joined alternative multi-casting on [225.0.0.222:34997]...

Refreshing native plugins compatible for Editor in 110.36 ms, found 3 plugins.
Preloading 0 native plugins for Editor in 0.00 ms.
Initialize engine version: 2021.3.21f1 (1b156197d683)
[Subsystems] Discovering subsystems at path C:/Program Files/Unity/Hub/Editor/2021.3.21f1/Editor/Data/Resources/UnitySubsystems
[Subsystems] Discovering subsystems at path E:/Unity/Unity Editor/Unity Projects/ZombuShooter/Assets
GfxDevice: creating device client; threaded=0; jobified=0
Direct3D:
    Version:  Direct3D 11.0 [level 11.1]
    Renderer: NVIDIA GeForce RTX 3080 Ti (ID=0x2208)
    Vendor:   NVIDIA
    VRAM:     12086 MB
    Driver:   31.0.15.5176
Initialize mono
Mono path[0] = 'C:/Program Files/Unity/Hub/Editor/2021.3.21f1/Editor/Data/Managed'
Mono path[1] = 'C:/Program Files/Unity/Hub/Editor/2021.3.21f1/Editor/Data/MonoBleedingEdge/lib/mono/unityjit-win32'
Mono config path = 'C:/Program Files/Unity/Hub/Editor/2021.3.21f1/Editor/Data/MonoBleedingEdge/etc'
Using monoOptions --debugger-agent=transport=dt_socket,embedding=1,server=y,suspend=n,address=127.0.0.1:56840
Begin MonoManager ReloadAssembly
Registering precompiled unity dll's ...
Register platform support module: C:/Program Files/Unity/Hub/Editor/2021.3.21f1/Editor/Data/PlaybackEngines/WebGLSupport/UnityEditor.WebGL.Extensions.dll
Register platform support module: C:/Program Files/Unity/Hub/Editor/2021.3.21f1/Editor/Data/PlaybackEngines/WindowsStandaloneSupport/UnityEditor.WindowsStandalone.Extensions.dll
Registered in 0.005317 seconds.
Native extension for WindowsStandalone target not found
Native extension for WebGL target not found
Refreshing native plugins compatible for Editor in 100.52 ms, found 3 plugins.
Preloading 0 native plugins for Editor in 0.00 ms.
Mono: successfully reloaded assembly
- Completed reload, in  0.601 seconds
Domain Reload Profiling:
	ReloadAssembly (601ms)
		BeginReloadAssembly (84ms)
			ExecutionOrderSort (0ms)
			DisableScriptedObjects (0ms)
			BackupInstance (0ms)
			ReleaseScriptingObjects (0ms)
			CreateAndSetChildDomain (1ms)
		EndReloadAssembly (430ms)
			LoadAssemblies (82ms)
			RebuildTransferFunctionScriptingTraits (0ms)
			SetupTypeCache (102ms)
			ReleaseScriptCaches (0ms)
			RebuildScriptCaches (22ms)
			SetupLoadedEditorAssemblies (262ms)
				LogAssemblyErrors (0ms)
				InitializePlatformSupportModulesInManaged (8ms)
				SetLoadedEditorAssemblies (0ms)
				RefreshPlugins (101ms)
				BeforeProcessingInitializeOnLoad (1ms)
				ProcessInitializeOnLoadAttributes (113ms)
				ProcessInitializeOnLoadMethodAttributes (39ms)
				AfterProcessingInitializeOnLoad (0ms)
				EditorAssembliesLoaded (0ms)
			ExecutionOrderSort2 (0ms)
			AwakeInstancesAfterBackupRestoration (0ms)
Platform modules already initialized, skipping
Registering precompiled user dll's ...
Registered in 0.005621 seconds.
Begin MonoManager ReloadAssembly
Symbol file LoadedFromMemory doesn't match image E:\Unity\Unity Editor\Unity Projects\ZombuShooter\Library\PackageCache\com.unity.visualscripting@1.8.0\Editor\VisualScripting.Core\Dependencies\YamlDotNet\Unity.VisualScripting.YamlDotNet.dll
Symbol file LoadedFromMemory doesn't match image E:\Unity\Unity Editor\Unity Projects\ZombuShooter\Library\PackageCache\com.unity.visualscripting@1.8.0\Editor\VisualScripting.Core\Dependencies\DotNetZip\Unity.VisualScripting.IonicZip.dll
Native extension for WindowsStandalone target not found
Native extension for WebGL target not found
Refreshing native plugins compatible for Editor in 106.12 ms, found 3 plugins.
Preloading 0 native plugins for Editor in 0.00 ms.
Mono: successfully reloaded assembly
- Completed reload, in  1.276 seconds
Domain Reload Profiling:
	ReloadAssembly (1277ms)
		BeginReloadAssembly (99ms)
			ExecutionOrderSort (0ms)
			DisableScriptedObjects (5ms)
			BackupInstance (0ms)
			ReleaseScriptingObjects (0ms)
			CreateAndSetChildDomain (15ms)
		EndReloadAssembly (1085ms)
			LoadAssemblies (102ms)
			RebuildTransferFunctionScriptingTraits (0ms)
			SetupTypeCache (336ms)
			ReleaseScriptCaches (1ms)
			RebuildScriptCaches (62ms)
			SetupLoadedEditorAssemblies (559ms)
				LogAssemblyErrors (0ms)
				InitializePlatformSupportModulesInManaged (4ms)
				SetLoadedEditorAssemblies (0ms)
				RefreshPlugins (106ms)
				BeforeProcessingInitializeOnLoad (98ms)
				ProcessInitializeOnLoadAttributes (280ms)
				ProcessInitializeOnLoadMethodAttributes (64ms)
				AfterProcessingInitializeOnLoad (6ms)
				EditorAssembliesLoaded (0ms)
			ExecutionOrderSort2 (0ms)
			AwakeInstancesAfterBackupRestoration (5ms)
Platform modules already initialized, skipping
========================================================================
Worker process is ready to serve import requests
Launched and connected shader compiler UnityShaderCompiler.exe after 0.03 seconds
Refreshing native plugins compatible for Editor in 1.86 ms, found 3 plugins.
Preloading 0 native plugins for Editor in 0.00 ms.
Unloading 5700 Unused Serialized files (Serialized files now loaded: 0)
Unloading 49 unused Assets / (0.8 MB). Loaded Objects now: 6173.
Memory consumption went from 313.1 MB to 312.3 MB.
Total: 5.321600 ms (FindLiveObjects: 0.571800 ms CreateObjectMapping: 0.602800 ms MarkObjects: 3.736300 ms  DeleteObjects: 0.408700 ms)

AssetImportParameters requested are different than current active one (requested -> active):
  custom:video-decoder-ogg-theora: a1e56fd34408186e4bbccfd4996cb3dc -> 
  custom:container-muxer-webm: aa71ff27fc2769a1b78a27578f13a17b -> 
  custom:container-demuxer-webm: 4f35f7cbe854078d1ac9338744f61a02 -> 
  custom:video-encoder-webm-vp8: eb34c28f22e8b96e1ab97ce403110664 -> 
  custom:video-codec-MediaFoundation-h265: 746d11721c4dcdbdad8f713fa42b33f4 -> 
  custom:audio-encoder-webm-vorbis: bf7c407c2cedff20999df2af8eb42d56 -> 
  custom:framework-win-MediaFoundation: 216162199b28c13a410421893ffa2e32 -> 
  custom:container-demuxer-ogg: 62fdf1f143b41e24485cea50d1cbac27 -> 
  custom:video-decoder-webm-vp8: 9c59270c3fd7afecdb556c50c9e8de78 -> 
  custom:audio-decoder-ogg-vorbis: bf7c407c2cedff20999df2af8eb42d56 -> 
========================================================================
Received Import Request.
  Time since last request: 288346.322145 seconds.
  path: Assets/Presentation/ScriptableObjects
  artifactKey: Guid(e7ad7e3a75a6c4d45b6c59e8d96d0971) Importer(815301076,1909f56bfc062723c751e8b465ee728b)
Start importing Assets/Presentation/ScriptableObjects using Guid(e7ad7e3a75a6c4d45b6c59e8d96d0971) Importer(815301076,1909f56bfc062723c751e8b465ee728b)  -> (artifact id: '5b0f62d352ecc657f921e23414552d3b') in 0.007427 seconds 
========================================================================
Received Import Request.
  Time since last request: 0.088909 seconds.
  path: Assets/Presentation/ScriptableObjects/APC-9.asset
  artifactKey: Guid(313f8c34cddbf2e4eb4a93cd285400f6) Importer(815301076,1909f56bfc062723c751e8b465ee728b)
Start importing Assets/Presentation/ScriptableObjects/APC-9.asset using Guid(313f8c34cddbf2e4eb4a93cd285400f6) Importer(815301076,1909f56bfc062723c751e8b465ee728b)  -> (artifact id: '774728046c0fb7a71a88024d2321bf46') in 0.027714 seconds 
========================================================================
Received Import Request.
  Time since last request: 18.105231 seconds.
  path: Assets/Presentation/Models/9mm-bullet
  artifactKey: Guid(1168941083d44684fb9ad2f58ab6c0d0) Importer(815301076,1909f56bfc062723c751e8b465ee728b)
Start importing Assets/Presentation/Models/9mm-bullet using Guid(1168941083d44684fb9ad2f58ab6c0d0) Importer(815301076,1909f56bfc062723c751e8b465ee728b)  -> (artifact id: '63e506a82b7b10e9b2f17e8fc2a06b49') in 0.011551 seconds 
========================================================================
Received Import Request.
  Time since last request: 14.105590 seconds.
  path: Assets/Presentation/Models/9mm Bullet
  artifactKey: Guid(1168941083d44684fb9ad2f58ab6c0d0) Importer(815301076,1909f56bfc062723c751e8b465ee728b)
Start importing Assets/Presentation/Models/9mm Bullet using Guid(1168941083d44684fb9ad2f58ab6c0d0) Importer(815301076,1909f56bfc062723c751e8b465ee728b)  -> (artifact id: 'b2074cd14c82be574d434e41fcf63ae3') in 0.000970 seconds 
========================================================================
Received Import Request.
  Time since last request: 0.443143 seconds.
  path: Assets/Presentation/Models/apc9k
  artifactKey: Guid(1435a63ddacd9c045a6202c27af045e5) Importer(815301076,1909f56bfc062723c751e8b465ee728b)
Start importing Assets/Presentation/Models/apc9k using Guid(1435a63ddacd9c045a6202c27af045e5) Importer(815301076,1909f56bfc062723c751e8b465ee728b)  -> (artifact id: '1083f35df8c3fe780c766e4a936b7a86') in 0.001051 seconds 
========================================================================
Received Import Request.
  Time since last request: 8.376902 seconds.
  path: Assets/Presentation/Models/APC9
  artifactKey: Guid(1435a63ddacd9c045a6202c27af045e5) Importer(815301076,1909f56bfc062723c751e8b465ee728b)
Start importing Assets/Presentation/Models/APC9 using Guid(1435a63ddacd9c045a6202c27af045e5) Importer(815301076,1909f56bfc062723c751e8b465ee728b)  -> (artifact id: 'ea8777f4b012958dc79e9f2c441c96dc') in 0.000972 seconds 
========================================================================
Received Import Request.
  Time since last request: 10.948540 seconds.
  path: Assets/Presentation/Models/USP-S
  artifactKey: Guid(b573944383f89ca43987462fe94eb844) Importer(815301076,1909f56bfc062723c751e8b465ee728b)
Start importing Assets/Presentation/Models/USP-S using Guid(b573944383f89ca43987462fe94eb844) Importer(815301076,1909f56bfc062723c751e8b465ee728b)  -> (artifact id: 'f694a03c5c7681e1c9cac7f56483521c') in 0.001189 seconds 
========================================================================
Received Import Request.
  Time since last request: 343.286751 seconds.
  path: Assets/Presentation/Materials
  artifactKey: Guid(79b6957c9ba7f824bae940d558b795af) Importer(815301076,1909f56bfc062723c751e8b465ee728b)
Start importing Assets/Presentation/Materials using Guid(79b6957c9ba7f824bae940d558b795af) Importer(815301076,1909f56bfc062723c751e8b465ee728b)  -> (artifact id: 'be848c77520c0095df0bb98213c9252c') in 0.001215 seconds 
========================================================================
Received Import Request.
  Time since last request: 0.055775 seconds.
  path: Assets/Presentation/Materials/8753960d65b11543aaf36af9e10f0685.png
  artifactKey: Guid(901e89d8bf438db4db642efa4001c36f) Importer(815301076,1909f56bfc062723c751e8b465ee728b)
Start importing Assets/Presentation/Materials/8753960d65b11543aaf36af9e10f0685.png using Guid(901e89d8bf438db4db642efa4001c36f) Importer(815301076,1909f56bfc062723c751e8b465ee728b)  -> (artifact id: 'a83560f70d52c554fe021d4d3e957287') in 0.077263 seconds 
========================================================================
Received Import Request.
  Time since last request: 0.000017 seconds.
  path: Assets/Presentation/Materials/Lazer.jpg
  artifactKey: Guid(05e6aacdef5ac2749839ad95b8e649ea) Importer(815301076,1909f56bfc062723c751e8b465ee728b)
Start importing Assets/Presentation/Materials/Lazer.jpg using Guid(05e6aacdef5ac2749839ad95b8e649ea) Importer(815301076,1909f56bfc062723c751e8b465ee728b)  -> (artifact id: '55642b258c592879ae41d37dffbd28f1') in 0.010156 seconds 
========================================================================
Received Import Request.
  Time since last request: 0.000018 seconds.
  path: Assets/Presentation/Materials/LazerMat.mat
  artifactKey: Guid(9210803cec49953449e248d2386c9951) Importer(815301076,1909f56bfc062723c751e8b465ee728b)
Start importing Assets/Presentation/Materials/LazerMat.mat using Guid(9210803cec49953449e248d2386c9951) Importer(815301076,1909f56bfc062723c751e8b465ee728b)  -> (artifact id: '65592b6ca4a6f6c245623e4e15b59df3') in 0.051826 seconds 
Editor requested this worker to shutdown with reason: Scaling down because of idle timeout
AssetImportWorker is now disconnected from the server
Process exiting
Exiting without the bug reporter. Application will terminate with return code 0