Using pre-set license
Built from '2021.3/staging' branch; Version is '2021.3.21f1 (1b156197d683) revision 1774945'; Using compiler version '192829333'; Build Type 'Release'
OS: 'Windows 10  (10.0.19045) 64bit Professional' Language: 'ru' Physical Memory: 16278 MB
BatchMode: 1, IsHumanControllingUs: 0, StartBugReporterOnCrash: 0, Is64bit: 1, IsPro: 1

COMMAND LINE ARGUMENTS:
D:\Мои Документы\Мои документы\Приложения и всё для них\UnityEditor\2021.3.21f1\Editor\Unity.exe
-adb2
-batchMode
-noUpm
-name
AssetImportWorker6
-projectPath
D:/Мои Документы/Мои документы/GitHub/ZombuShooter
-logFile
Logs/AssetImportWorker6.log
-srvPort
64237
Successfully changed project path to: D:/Мои Документы/Мои документы/GitHub/ZombuShooter
D:/Мои Документы/Мои документы/GitHub/ZombuShooter
[UnityMemory] Configuration Parameters - Can be set up in boot.config
    "memorysetup-bucket-allocator-granularity=16"
    "memorysetup-bucket-allocator-bucket-count=8"
    "memorysetup-bucket-allocator-block-size=33554432"
    "memorysetup-bucket-allocator-block-count=8"
    "memorysetup-main-allocator-block-size=16777216"
    "memorysetup-thread-allocator-block-size=16777216"
    "memorysetup-gfx-main-allocator-block-size=16777216"
    "memorysetup-gfx-thread-allocator-block-size=16777216"
    "memorysetup-cache-allocator-block-size=4194304"
    "memorysetup-typetree-allocator-block-size=2097152"
    "memorysetup-profiler-bucket-allocator-granularity=16"
    "memorysetup-profiler-bucket-allocator-bucket-count=8"
    "memorysetup-profiler-bucket-allocator-block-size=33554432"
    "memorysetup-profiler-bucket-allocator-block-count=8"
    "memorysetup-profiler-allocator-block-size=16777216"
    "memorysetup-profiler-editor-allocator-block-size=1048576"
    "memorysetup-temp-allocator-size-main=16777216"
    "memorysetup-job-temp-allocator-block-size=2097152"
    "memorysetup-job-temp-allocator-block-size-background=1048576"
    "memorysetup-job-temp-allocator-reduction-small-platforms=262144"
    "memorysetup-temp-allocator-size-background-worker=32768"
    "memorysetup-temp-allocator-size-job-worker=262144"
    "memorysetup-temp-allocator-size-preload-manager=33554432"
    "memorysetup-temp-allocator-size-nav-mesh-worker=65536"
    "memorysetup-temp-allocator-size-audio-worker=65536"
    "memorysetup-temp-allocator-size-cloud-worker=32768"
    "memorysetup-temp-allocator-size-gi-baking-worker=262144"
    "memorysetup-temp-allocator-size-gfx=262144"
Player connection [2116] Host "[IP] 192.168.1.101 [Port] 0 [Flags] 2 [Guid] 265772376 [EditorId] 265772376 [Version] 1048832 [Id] WindowsEditor(7,DESKTOP-2HHC5L5) [Debug] 1 [PackageName] WindowsEditor [ProjectName] Editor" joined multi-casting on [225.0.0.222:54997]...

Player connection [2116] Host "[IP] 192.168.1.101 [Port] 0 [Flags] 2 [Guid] 265772376 [EditorId] 265772376 [Version] 1048832 [Id] WindowsEditor(7,DESKTOP-2HHC5L5) [Debug] 1 [PackageName] WindowsEditor [ProjectName] Editor" joined alternative multi-casting on [225.0.0.222:34997]...

Refreshing native plugins compatible for Editor in 128.28 ms, found 3 plugins.
Preloading 0 native plugins for Editor in 0.00 ms.
Initialize engine version: 2021.3.21f1 (1b156197d683)
[Subsystems] Discovering subsystems at path D:/Мои Документы/Мои документы/Приложения и всё для них/UnityEditor/2021.3.21f1/Editor/Data/Resources/UnitySubsystems
[Subsystems] Discovering subsystems at path D:/Мои Документы/Мои документы/GitHub/ZombuShooter/Assets
GfxDevice: creating device client; threaded=0; jobified=0
Direct3D:
    Version:  Direct3D 11.0 [level 11.1]
    Renderer: NVIDIA GeForce GTX 1650 (ID=0x1f0a)
    Vendor:   NVIDIA
    VRAM:     3948 MB
    Driver:   31.0.15.3623
Initialize mono
Mono path[0] = 'D:/Мои Документы/Мои документы/Приложения и всё для них/UnityEditor/2021.3.21f1/Editor/Data/Managed'
Mono path[1] = 'D:/Мои Документы/Мои документы/Приложения и всё для них/UnityEditor/2021.3.21f1/Editor/Data/MonoBleedingEdge/lib/mono/unityjit-win32'
Mono config path = 'D:/Мои Документы/Мои документы/Приложения и всё для них/UnityEditor/2021.3.21f1/Editor/Data/MonoBleedingEdge/etc'
Using monoOptions --debugger-agent=transport=dt_socket,embedding=1,server=y,suspend=n,address=127.0.0.1:56860
Begin MonoManager ReloadAssembly
Registering precompiled unity dll's ...
Register platform support module: D:/Мои Документы/Мои документы/Приложения и всё для них/UnityEditor/2021.3.21f1/Editor/Data/PlaybackEngines/WindowsStandaloneSupport/UnityEditor.WindowsStandalone.Extensions.dll
Registered in 0.006913 seconds.
Native extension for WindowsStandalone target not found
Refreshing native plugins compatible for Editor in 118.47 ms, found 3 plugins.
Preloading 0 native plugins for Editor in 0.00 ms.
Mono: successfully reloaded assembly
- Completed reload, in  1.307 seconds
Domain Reload Profiling:
	ReloadAssembly (1310ms)
		BeginReloadAssembly (221ms)
			ExecutionOrderSort (0ms)
			DisableScriptedObjects (0ms)
			BackupInstance (0ms)
			ReleaseScriptingObjects (0ms)
			CreateAndSetChildDomain (2ms)
		EndReloadAssembly (894ms)
			LoadAssemblies (221ms)
			RebuildTransferFunctionScriptingTraits (0ms)
			SetupTypeCache (198ms)
			ReleaseScriptCaches (0ms)
			RebuildScriptCaches (46ms)
			SetupLoadedEditorAssemblies (538ms)
				LogAssemblyErrors (0ms)
				InitializePlatformSupportModulesInManaged (15ms)
				SetLoadedEditorAssemblies (0ms)
				RefreshPlugins (119ms)
				BeforeProcessingInitializeOnLoad (3ms)
				ProcessInitializeOnLoadAttributes (288ms)
				ProcessInitializeOnLoadMethodAttributes (113ms)
				AfterProcessingInitializeOnLoad (0ms)
				EditorAssembliesLoaded (0ms)
			ExecutionOrderSort2 (0ms)
			AwakeInstancesAfterBackupRestoration (0ms)
Platform modules already initialized, skipping
Registering precompiled user dll's ...
Registered in 0.006644 seconds.
Begin MonoManager ReloadAssembly
Symbol file LoadedFromMemory doesn't match image D:\Мои Документы\Мои документы\GitHub\ZombuShooter\Library\PackageCache\com.unity.visualscripting@1.8.0\Editor\VisualScripting.Core\Dependencies\YamlDotNet\Unity.VisualScripting.YamlDotNet.dll
Symbol file LoadedFromMemory doesn't match image D:\Мои Документы\Мои документы\GitHub\ZombuShooter\Library\PackageCache\com.unity.visualscripting@1.8.0\Editor\VisualScripting.Core\Dependencies\DotNetZip\Unity.VisualScripting.IonicZip.dll
Native extension for WindowsStandalone target not found
Refreshing native plugins compatible for Editor in 1.12 ms, found 3 plugins.
Preloading 0 native plugins for Editor in 0.00 ms.
Mono: successfully reloaded assembly
- Completed reload, in  1.918 seconds
Domain Reload Profiling:
	ReloadAssembly (1920ms)
		BeginReloadAssembly (245ms)
			ExecutionOrderSort (0ms)
			DisableScriptedObjects (12ms)
			BackupInstance (0ms)
			ReleaseScriptingObjects (0ms)
			CreateAndSetChildDomain (29ms)
		EndReloadAssembly (1516ms)
			LoadAssemblies (260ms)
			RebuildTransferFunctionScriptingTraits (0ms)
			SetupTypeCache (422ms)
			ReleaseScriptCaches (1ms)
			RebuildScriptCaches (68ms)
			SetupLoadedEditorAssemblies (750ms)
				LogAssemblyErrors (0ms)
				InitializePlatformSupportModulesInManaged (9ms)
				SetLoadedEditorAssemblies (1ms)
				RefreshPlugins (1ms)
				BeforeProcessingInitializeOnLoad (142ms)
				ProcessInitializeOnLoadAttributes (547ms)
				ProcessInitializeOnLoadMethodAttributes (43ms)
				AfterProcessingInitializeOnLoad (7ms)
				EditorAssembliesLoaded (0ms)
			ExecutionOrderSort2 (0ms)
			AwakeInstancesAfterBackupRestoration (11ms)
Platform modules already initialized, skipping
========================================================================
Worker process is ready to serve import requests
Failed to load shader (instanceID 400, GUID e4e5d566a8aa9914c906555a6857fcb9)
Launched and connected shader compiler UnityShaderCompiler.exe after 0.44 seconds
Refreshing native plugins compatible for Editor in 0.67 ms, found 3 plugins.
Preloading 0 native plugins for Editor in 0.00 ms.
Unloading 3073 Unused Serialized files (Serialized files now loaded: 0)
Unloading 22 unused Assets / (56.7 KB). Loaded Objects now: 3556.
Memory consumption went from 200.8 MB to 200.7 MB.
Total: 5.035277 ms (FindLiveObjects: 0.575492 ms CreateObjectMapping: 0.354514 ms MarkObjects: 3.973410 ms  DeleteObjects: 0.125225 ms)

AssetImportParameters requested are different than current active one (requested -> active):
  custom:video-decoder-ogg-theora: a1e56fd34408186e4bbccfd4996cb3dc -> 
  custom:container-muxer-webm: aa71ff27fc2769a1b78a27578f13a17b -> 
  custom:container-demuxer-webm: 4f35f7cbe854078d1ac9338744f61a02 -> 
  custom:video-encoder-webm-vp8: eb34c28f22e8b96e1ab97ce403110664 -> 
  custom:audio-encoder-webm-vorbis: bf7c407c2cedff20999df2af8eb42d56 -> 
  custom:framework-win-MediaFoundation: 216162199b28c13a410421893ffa2e32 -> 
  custom:container-demuxer-ogg: 62fdf1f143b41e24485cea50d1cbac27 -> 
  custom:video-decoder-webm-vp8: 9c59270c3fd7afecdb556c50c9e8de78 -> 
  custom:audio-decoder-ogg-vorbis: bf7c407c2cedff20999df2af8eb42d56 -> 
========================================================================
Received Import Request.
  Time since last request: 1218873.561661 seconds.
  path: Assets/Source/Guns
  artifactKey: Guid(ac714dad013281e41b1c3084ac260037) Importer(815301076,1909f56bfc062723c751e8b465ee728b)
Start importing Assets/Source/Guns using Guid(ac714dad013281e41b1c3084ac260037) Importer(815301076,1909f56bfc062723c751e8b465ee728b)  -> (artifact id: '6669b813fea83d3dc0e41a386eb8ecd6') in 0.026639 seconds 
========================================================================
Received Prepare
Registering precompiled user dll's ...
Registered in 0.006502 seconds.
Begin MonoManager ReloadAssembly
Symbol file LoadedFromMemory doesn't match image D:\Мои Документы\Мои документы\GitHub\ZombuShooter\Library\PackageCache\com.unity.visualscripting@1.8.0\Editor\VisualScripting.Core\Dependencies\YamlDotNet\Unity.VisualScripting.YamlDotNet.dll
Symbol file LoadedFromMemory doesn't match image D:\Мои Документы\Мои документы\GitHub\ZombuShooter\Library\PackageCache\com.unity.visualscripting@1.8.0\Editor\VisualScripting.Core\Dependencies\DotNetZip\Unity.VisualScripting.IonicZip.dll
Native extension for WindowsStandalone target not found
Refreshing native plugins compatible for Editor in 0.66 ms, found 3 plugins.
Preloading 0 native plugins for Editor in 0.00 ms.
Mono: successfully reloaded assembly
- Completed reload, in  1.703 seconds
Domain Reload Profiling:
	ReloadAssembly (1704ms)
		BeginReloadAssembly (253ms)
			ExecutionOrderSort (0ms)
			DisableScriptedObjects (13ms)
			BackupInstance (0ms)
			ReleaseScriptingObjects (0ms)
			CreateAndSetChildDomain (47ms)
		EndReloadAssembly (1264ms)
			LoadAssemblies (178ms)
			RebuildTransferFunctionScriptingTraits (0ms)
			SetupTypeCache (389ms)
			ReleaseScriptCaches (1ms)
			RebuildScriptCaches (58ms)
			SetupLoadedEditorAssemblies (593ms)
				LogAssemblyErrors (0ms)
				InitializePlatformSupportModulesInManaged (10ms)
				SetLoadedEditorAssemblies (1ms)
				RefreshPlugins (1ms)
				BeforeProcessingInitializeOnLoad (93ms)
				ProcessInitializeOnLoadAttributes (439ms)
				ProcessInitializeOnLoadMethodAttributes (45ms)
				AfterProcessingInitializeOnLoad (5ms)
				EditorAssembliesLoaded (0ms)
			ExecutionOrderSort2 (0ms)
			AwakeInstancesAfterBackupRestoration (12ms)
Platform modules already initialized, skipping
Failed to load shader (instanceID 400, GUID e4e5d566a8aa9914c906555a6857fcb9)
Refreshing native plugins compatible for Editor in 2.07 ms, found 3 plugins.
Preloading 0 native plugins for Editor in 0.00 ms.
Unloading 3053 Unused Serialized files (Serialized files now loaded: 0)
Unloading 15 unused Assets / (24.6 KB). Loaded Objects now: 3559.
Memory consumption went from 199.1 MB to 199.1 MB.
Total: 4.203328 ms (FindLiveObjects: 0.447613 ms CreateObjectMapping: 0.289771 ms MarkObjects: 3.425715 ms  DeleteObjects: 0.033105 ms)

AssetImportParameters requested are different than current active one (requested -> active):
  custom:video-decoder-ogg-theora: a1e56fd34408186e4bbccfd4996cb3dc -> 
  custom:container-muxer-webm: aa71ff27fc2769a1b78a27578f13a17b -> 
  custom:container-demuxer-webm: 4f35f7cbe854078d1ac9338744f61a02 -> 
  custom:video-encoder-webm-vp8: eb34c28f22e8b96e1ab97ce403110664 -> 
  custom:audio-encoder-webm-vorbis: bf7c407c2cedff20999df2af8eb42d56 -> 
  custom:framework-win-MediaFoundation: 216162199b28c13a410421893ffa2e32 -> 
  custom:container-demuxer-ogg: 62fdf1f143b41e24485cea50d1cbac27 -> 
  custom:video-decoder-webm-vp8: 9c59270c3fd7afecdb556c50c9e8de78 -> 
  custom:audio-decoder-ogg-vorbis: bf7c407c2cedff20999df2af8eb42d56 -> 
========================================================================
Received Import Request.
  Time since last request: 276.111655 seconds.
  path: Assets/Presentation/ScriptableObjects/APC-9.asset
  artifactKey: Guid(313f8c34cddbf2e4eb4a93cd285400f6) Importer(815301076,1909f56bfc062723c751e8b465ee728b)
Start importing Assets/Presentation/ScriptableObjects/APC-9.asset using Guid(313f8c34cddbf2e4eb4a93cd285400f6) Importer(815301076,1909f56bfc062723c751e8b465ee728b)  -> (artifact id: '8ae7c3ab78921aa70b9e5dc0b369e296') in 0.102106 seconds 
========================================================================
Received Import Request.
  Time since last request: 0.000061 seconds.
  path: Assets/Presentation/ScriptableObjects/M4A1.asset
  artifactKey: Guid(87705879f562d6e44abe5b7e53a19794) Importer(815301076,1909f56bfc062723c751e8b465ee728b)
Start importing Assets/Presentation/ScriptableObjects/M4A1.asset using Guid(87705879f562d6e44abe5b7e53a19794) Importer(815301076,1909f56bfc062723c751e8b465ee728b)  -> (artifact id: '666c3fc841e27b122c33898fc322a2bd') in 0.062816 seconds 
========================================================================
Received Import Request.
  Time since last request: 0.624717 seconds.
  path: Assets/Presentation/ScriptableObjects
  artifactKey: Guid(e7ad7e3a75a6c4d45b6c59e8d96d0971) Importer(815301076,1909f56bfc062723c751e8b465ee728b)
Start importing Assets/Presentation/ScriptableObjects using Guid(e7ad7e3a75a6c4d45b6c59e8d96d0971) Importer(815301076,1909f56bfc062723c751e8b465ee728b)  -> (artifact id: '516df51846b67ea6c364d709fe47234c') in 0.016126 seconds 
========================================================================
Received Import Request.
  Time since last request: 360.477558 seconds.
  path: Assets/Source/Player/PlayerMove.cs
  artifactKey: Guid(98bad6a416619a448845f505baacacd4) Importer(815301076,1909f56bfc062723c751e8b465ee728b)
Start importing Assets/Source/Player/PlayerMove.cs using Guid(98bad6a416619a448845f505baacacd4) Importer(815301076,1909f56bfc062723c751e8b465ee728b)  -> (artifact id: '2a4e5b84e591bc75e3c217e7f54347f1') in 0.017192 seconds 
========================================================================
Received Import Request.
  Time since last request: 0.777288 seconds.
  path: Assets/Source/Player/PlayerRotation.cs
  artifactKey: Guid(dffd1f85a4974ae7b910e54dbc80586d) Importer(815301076,1909f56bfc062723c751e8b465ee728b)
Start importing Assets/Source/Player/PlayerRotation.cs using Guid(dffd1f85a4974ae7b910e54dbc80586d) Importer(815301076,1909f56bfc062723c751e8b465ee728b)  -> (artifact id: 'd15f2cc756b3887538e5703fcce1fc7e') in 0.018133 seconds 
========================================================================
Received Import Request.
  Time since last request: 407.039754 seconds.
  path: Assets/Presentation/Prefabs/9mm_Bullet.prefab
  artifactKey: Guid(2cedf28f92c0cbb4ba460e02fc6fde32) Importer(815301076,1909f56bfc062723c751e8b465ee728b)
Start importing Assets/Presentation/Prefabs/9mm_Bullet.prefab using Guid(2cedf28f92c0cbb4ba460e02fc6fde32) Importer(815301076,1909f56bfc062723c751e8b465ee728b)  -> (artifact id: 'd9f9796523330d7cf1f41e3091b52d8d') in 1.886512 seconds 
========================================================================
Received Import Request.
  Time since last request: 0.000031 seconds.
  path: Assets/Presentation/Prefabs/APC-9.prefab
  artifactKey: Guid(f1e63a26e1f5ba84c8e45b43306482b6) Importer(815301076,1909f56bfc062723c751e8b465ee728b)
Start importing Assets/Presentation/Prefabs/APC-9.prefab using Guid(f1e63a26e1f5ba84c8e45b43306482b6) Importer(815301076,1909f56bfc062723c751e8b465ee728b)  -> (artifact id: '863b4e3ccb6b48cac45188bdd07b0f32') in 0.443873 seconds 
========================================================================
Received Import Request.
  Time since last request: 0.000045 seconds.
  path: Assets/Presentation/Prefabs/M4A1.prefab
  artifactKey: Guid(eae21dcf7dc804340821be7ebf576aad) Importer(815301076,1909f56bfc062723c751e8b465ee728b)
Start importing Assets/Presentation/Prefabs/M4A1.prefab using Guid(eae21dcf7dc804340821be7ebf576aad) Importer(815301076,1909f56bfc062723c751e8b465ee728b)  -> (artifact id: '8a4f94ae7cfd7966e321d9f23cb68d2c') in 0.179460 seconds 
Editor requested this worker to shutdown with reason: Scaling down because of idle timeout
AssetImportWorker is now disconnected from the server
Process exiting
Exiting without the bug reporter. Application will terminate with return code 0