Using pre-set license
Built from '2021.3/staging' branch; Version is '2021.3.21f1 (1b156197d683) revision 1774945'; Using compiler version '192829333'; Build Type 'Release'
OS: 'Windows 11  (10.0.22631) 64bit Core' Language: 'ru' Physical Memory: 16311 MB
BatchMode: 1, IsHumanControllingUs: 0, StartBugReporterOnCrash: 0, Is64bit: 1, IsPro: 1

COMMAND LINE ARGUMENTS:
D:\2021.3.21f1\Editor\Unity.exe
-adb2
-batchMode
-noUpm
-name
AssetImportWorker2
-projectPath
D:/Development projects/ZombuShooter
-logFile
Logs/AssetImportWorker2.log
-srvPort
51546
Successfully changed project path to: D:/Development projects/ZombuShooter
D:/Development projects/ZombuShooter
[UnityMemory] Configuration Parameters - Can be set up in boot.config
    "memorysetup-bucket-allocator-granularity=16"
    "memorysetup-bucket-allocator-bucket-count=8"
    "memorysetup-bucket-allocator-block-size=33554432"
    "memorysetup-bucket-allocator-block-count=8"
    "memorysetup-main-allocator-block-size=16777216"
    "memorysetup-thread-allocator-block-size=16777216"
    "memorysetup-gfx-main-allocator-block-size=16777216"
    "memorysetup-gfx-thread-allocator-block-size=16777216"
    "memorysetup-cache-allocator-block-size=4194304"
    "memorysetup-typetree-allocator-block-size=2097152"
    "memorysetup-profiler-bucket-allocator-granularity=16"
    "memorysetup-profiler-bucket-allocator-bucket-count=8"
    "memorysetup-profiler-bucket-allocator-block-size=33554432"
    "memorysetup-profiler-bucket-allocator-block-count=8"
    "memorysetup-profiler-allocator-block-size=16777216"
    "memorysetup-profiler-editor-allocator-block-size=1048576"
    "memorysetup-temp-allocator-size-main=16777216"
    "memorysetup-job-temp-allocator-block-size=2097152"
    "memorysetup-job-temp-allocator-block-size-background=1048576"
    "memorysetup-job-temp-allocator-reduction-small-platforms=262144"
    "memorysetup-temp-allocator-size-background-worker=32768"
    "memorysetup-temp-allocator-size-job-worker=262144"
    "memorysetup-temp-allocator-size-preload-manager=33554432"
    "memorysetup-temp-allocator-size-nav-mesh-worker=65536"
    "memorysetup-temp-allocator-size-audio-worker=65536"
    "memorysetup-temp-allocator-size-cloud-worker=32768"
    "memorysetup-temp-allocator-size-gi-baking-worker=262144"
    "memorysetup-temp-allocator-size-gfx=262144"
Player connection [2740] Host "[IP] 192.168.0.17 [Port] 0 [Flags] 2 [Guid] 2313204523 [EditorId] 2313204523 [Version] 1048832 [Id] WindowsEditor(7,DESKTOP-SIDHLJ5) [Debug] 1 [PackageName] WindowsEditor [ProjectName] Editor" joined multi-casting on [225.0.0.222:54997]...

Player connection [2740] Host "[IP] 192.168.0.17 [Port] 0 [Flags] 2 [Guid] 2313204523 [EditorId] 2313204523 [Version] 1048832 [Id] WindowsEditor(7,DESKTOP-SIDHLJ5) [Debug] 1 [PackageName] WindowsEditor [ProjectName] Editor" joined alternative multi-casting on [225.0.0.222:34997]...

Refreshing native plugins compatible for Editor in 244.55 ms, found 3 plugins.
Preloading 0 native plugins for Editor in 0.00 ms.
Initialize engine version: 2021.3.21f1 (1b156197d683)
[Subsystems] Discovering subsystems at path D:/2021.3.21f1/Editor/Data/Resources/UnitySubsystems
[Subsystems] Discovering subsystems at path D:/Development projects/ZombuShooter/Assets
GfxDevice: creating device client; threaded=0; jobified=0
Direct3D:
    Version:  Direct3D 11.0 [level 11.1]
    Renderer: NVIDIA GeForce RTX 2060 (ID=0x1f03)
    Vendor:   NVIDIA
    VRAM:     12075 MB
    Driver:   31.0.15.4601
Initialize mono
Mono path[0] = 'D:/2021.3.21f1/Editor/Data/Managed'
Mono path[1] = 'D:/2021.3.21f1/Editor/Data/MonoBleedingEdge/lib/mono/unityjit-win32'
Mono config path = 'D:/2021.3.21f1/Editor/Data/MonoBleedingEdge/etc'
Using monoOptions --debugger-agent=transport=dt_socket,embedding=1,server=y,suspend=n,address=127.0.0.1:56820
Begin MonoManager ReloadAssembly
Registering precompiled unity dll's ...
Register platform support module: D:/2021.3.21f1/Editor/Data/PlaybackEngines/WebGLSupport/UnityEditor.WebGL.Extensions.dll
Register platform support module: D:/2021.3.21f1/Editor/Data/PlaybackEngines/AndroidPlayer/UnityEditor.Android.Extensions.dll
Register platform support module: D:/2021.3.21f1/Editor/Data/PlaybackEngines/WindowsStandaloneSupport/UnityEditor.WindowsStandalone.Extensions.dll
Registered in 0.004355 seconds.
Native extension for WindowsStandalone target not found
Native extension for Android target not found
Android Extension - Scanning For ADB Devices 539 ms
Native extension for WebGL target not found
Refreshing native plugins compatible for Editor in 262.35 ms, found 3 plugins.
Preloading 0 native plugins for Editor in 0.00 ms.
Mono: successfully reloaded assembly
- Completed reload, in  1.892 seconds
Domain Reload Profiling:
	ReloadAssembly (1893ms)
		BeginReloadAssembly (183ms)
			ExecutionOrderSort (0ms)
			DisableScriptedObjects (0ms)
			BackupInstance (0ms)
			ReleaseScriptingObjects (0ms)
			CreateAndSetChildDomain (1ms)
		EndReloadAssembly (1545ms)
			LoadAssemblies (183ms)
			RebuildTransferFunctionScriptingTraits (0ms)
			SetupTypeCache (213ms)
			ReleaseScriptCaches (0ms)
			RebuildScriptCaches (56ms)
			SetupLoadedEditorAssemblies (1183ms)
				LogAssemblyErrors (0ms)
				InitializePlatformSupportModulesInManaged (655ms)
				SetLoadedEditorAssemblies (0ms)
				RefreshPlugins (262ms)
				BeforeProcessingInitializeOnLoad (2ms)
				ProcessInitializeOnLoadAttributes (179ms)
				ProcessInitializeOnLoadMethodAttributes (84ms)
				AfterProcessingInitializeOnLoad (0ms)
				EditorAssembliesLoaded (0ms)
			ExecutionOrderSort2 (0ms)
			AwakeInstancesAfterBackupRestoration (0ms)
Platform modules already initialized, skipping
Registering precompiled user dll's ...
Registered in 0.012499 seconds.
Begin MonoManager ReloadAssembly
Symbol file LoadedFromMemory doesn't match image D:\Development projects\ZombuShooter\Library\PackageCache\com.unity.visualscripting@1.8.0\Editor\VisualScripting.Core\Dependencies\YamlDotNet\Unity.VisualScripting.YamlDotNet.dll
Symbol file LoadedFromMemory doesn't match image D:\Development projects\ZombuShooter\Library\PackageCache\com.unity.visualscripting@1.8.0\Editor\VisualScripting.Core\Dependencies\DotNetZip\Unity.VisualScripting.IonicZip.dll
Native extension for WindowsStandalone target not found
Native extension for Android target not found
Native extension for WebGL target not found
Refreshing native plugins compatible for Editor in 132.15 ms, found 3 plugins.
Preloading 0 native plugins for Editor in 0.00 ms.
Mono: successfully reloaded assembly
- Completed reload, in  2.332 seconds
Domain Reload Profiling:
	ReloadAssembly (2333ms)
		BeginReloadAssembly (203ms)
			ExecutionOrderSort (0ms)
			DisableScriptedObjects (10ms)
			BackupInstance (0ms)
			ReleaseScriptingObjects (0ms)
			CreateAndSetChildDomain (26ms)
		EndReloadAssembly (1965ms)
			LoadAssemblies (202ms)
			RebuildTransferFunctionScriptingTraits (0ms)
			SetupTypeCache (521ms)
			ReleaseScriptCaches (1ms)
			RebuildScriptCaches (112ms)
			SetupLoadedEditorAssemblies (1116ms)
				LogAssemblyErrors (0ms)
				InitializePlatformSupportModulesInManaged (17ms)
				SetLoadedEditorAssemblies (0ms)
				RefreshPlugins (132ms)
				BeforeProcessingInitializeOnLoad (133ms)
				ProcessInitializeOnLoadAttributes (716ms)
				ProcessInitializeOnLoadMethodAttributes (113ms)
				AfterProcessingInitializeOnLoad (4ms)
				EditorAssembliesLoaded (0ms)
			ExecutionOrderSort2 (0ms)
			AwakeInstancesAfterBackupRestoration (9ms)
Platform modules already initialized, skipping
========================================================================
Worker process is ready to serve import requests
Launched and connected shader compiler UnityShaderCompiler.exe after 0.07 seconds
Refreshing native plugins compatible for Editor in 1.43 ms, found 3 plugins.
Preloading 0 native plugins for Editor in 0.00 ms.
Unloading 5365 Unused Serialized files (Serialized files now loaded: 0)
Unloading 45 unused Assets / (0.8 MB). Loaded Objects now: 5840.
Memory consumption went from 300.2 MB to 299.4 MB.
Total: 6.440800 ms (FindLiveObjects: 0.560100 ms CreateObjectMapping: 0.539600 ms MarkObjects: 4.695800 ms  DeleteObjects: 0.642800 ms)

AssetImportParameters requested are different than current active one (requested -> active):
  custom:video-decoder-ogg-theora: a1e56fd34408186e4bbccfd4996cb3dc -> 
  custom:container-muxer-webm: aa71ff27fc2769a1b78a27578f13a17b -> 
  custom:container-demuxer-webm: 4f35f7cbe854078d1ac9338744f61a02 -> 
  custom:video-encoder-webm-vp8: eb34c28f22e8b96e1ab97ce403110664 -> 
  custom:video-codec-MediaFoundation-h265: 746d11721c4dcdbdad8f713fa42b33f4 -> 
  custom:audio-encoder-webm-vorbis: bf7c407c2cedff20999df2af8eb42d56 -> 
  custom:framework-win-MediaFoundation: 216162199b28c13a410421893ffa2e32 -> 
  custom:container-demuxer-ogg: 62fdf1f143b41e24485cea50d1cbac27 -> 
  custom:video-decoder-webm-vp8: 9c59270c3fd7afecdb556c50c9e8de78 -> 
  custom:audio-decoder-ogg-vorbis: bf7c407c2cedff20999df2af8eb42d56 -> 
========================================================================
Received Prepare
Registering precompiled user dll's ...
Registered in 0.009399 seconds.
Begin MonoManager ReloadAssembly
Symbol file LoadedFromMemory doesn't match image D:\Development projects\ZombuShooter\Library\PackageCache\com.unity.visualscripting@1.8.0\Editor\VisualScripting.Core\Dependencies\YamlDotNet\Unity.VisualScripting.YamlDotNet.dll
Symbol file LoadedFromMemory doesn't match image D:\Development projects\ZombuShooter\Library\PackageCache\com.unity.visualscripting@1.8.0\Editor\VisualScripting.Core\Dependencies\DotNetZip\Unity.VisualScripting.IonicZip.dll
Native extension for WindowsStandalone target not found
Native extension for Android target not found
Native extension for WebGL target not found
Refreshing native plugins compatible for Editor in 1.74 ms, found 3 plugins.
Preloading 0 native plugins for Editor in 0.00 ms.
Mono: successfully reloaded assembly
- Completed reload, in  1.880 seconds
Domain Reload Profiling:
	ReloadAssembly (1881ms)
		BeginReloadAssembly (231ms)
			ExecutionOrderSort (0ms)
			DisableScriptedObjects (7ms)
			BackupInstance (0ms)
			ReleaseScriptingObjects (0ms)
			CreateAndSetChildDomain (55ms)
		EndReloadAssembly (1533ms)
			LoadAssemblies (184ms)
			RebuildTransferFunctionScriptingTraits (0ms)
			SetupTypeCache (497ms)
			ReleaseScriptCaches (2ms)
			RebuildScriptCaches (81ms)
			SetupLoadedEditorAssemblies (776ms)
				LogAssemblyErrors (0ms)
				InitializePlatformSupportModulesInManaged (22ms)
				SetLoadedEditorAssemblies (0ms)
				RefreshPlugins (2ms)
				BeforeProcessingInitializeOnLoad (131ms)
				ProcessInitializeOnLoadAttributes (539ms)
				ProcessInitializeOnLoadMethodAttributes (79ms)
				AfterProcessingInitializeOnLoad (3ms)
				EditorAssembliesLoaded (0ms)
			ExecutionOrderSort2 (0ms)
			AwakeInstancesAfterBackupRestoration (8ms)
Platform modules already initialized, skipping
Refreshing native plugins compatible for Editor in 3.19 ms, found 3 plugins.
Preloading 0 native plugins for Editor in 0.00 ms.
Unloading 5255 Unused Serialized files (Serialized files now loaded: 0)
Unloading 26 unused Assets / (0.8 MB). Loaded Objects now: 5855.
Memory consumption went from 289.6 MB to 288.8 MB.
Total: 4.557700 ms (FindLiveObjects: 0.455000 ms CreateObjectMapping: 0.443900 ms MarkObjects: 3.202400 ms  DeleteObjects: 0.455000 ms)

AssetImportParameters requested are different than current active one (requested -> active):
  custom:video-decoder-ogg-theora: a1e56fd34408186e4bbccfd4996cb3dc -> 
  custom:container-muxer-webm: aa71ff27fc2769a1b78a27578f13a17b -> 
  custom:container-demuxer-webm: 4f35f7cbe854078d1ac9338744f61a02 -> 
  custom:video-encoder-webm-vp8: eb34c28f22e8b96e1ab97ce403110664 -> 
  custom:video-codec-MediaFoundation-h265: 746d11721c4dcdbdad8f713fa42b33f4 -> 
  custom:audio-encoder-webm-vorbis: bf7c407c2cedff20999df2af8eb42d56 -> 
  custom:framework-win-MediaFoundation: 216162199b28c13a410421893ffa2e32 -> 
  custom:container-demuxer-ogg: 62fdf1f143b41e24485cea50d1cbac27 -> 
  custom:video-decoder-webm-vp8: 9c59270c3fd7afecdb556c50c9e8de78 -> 
  custom:audio-decoder-ogg-vorbis: bf7c407c2cedff20999df2af8eb42d56 -> 
========================================================================
Received Import Request.
  Time since last request: 2153.663509 seconds.
  path: Assets/Presentation
  artifactKey: Guid(e1823255182f16045b18642f286a888d) Importer(815301076,1909f56bfc062723c751e8b465ee728b)
Start importing Assets/Presentation using Guid(e1823255182f16045b18642f286a888d) Importer(815301076,1909f56bfc062723c751e8b465ee728b)  -> (artifact id: '35ac21444b7d60ccb2c6fbf92e1c8366') in 0.015118 seconds 
========================================================================
Received Import Request.
  Time since last request: 12.248797 seconds.
  path: Assets/Source/Blockout prefabs/1st zone .prefab
  artifactKey: Guid(c5ab180a87dd40547a1cf3c9f4919d0a) Importer(815301076,1909f56bfc062723c751e8b465ee728b)
Start importing Assets/Source/Blockout prefabs/1st zone .prefab using Guid(c5ab180a87dd40547a1cf3c9f4919d0a) Importer(815301076,1909f56bfc062723c751e8b465ee728b)  -> (artifact id: 'd5cc48ca0f626b51bad425aa5d18e740') in 0.066378 seconds 
========================================================================
Received Import Request.
  Time since last request: 4.642585 seconds.
  path: Assets/Source/Blockout prefabs/1st zone .prefab
  artifactKey: Guid(c5ab180a87dd40547a1cf3c9f4919d0a) Importer(815301076,1909f56bfc062723c751e8b465ee728b)
Start importing Assets/Source/Blockout prefabs/1st zone .prefab using Guid(c5ab180a87dd40547a1cf3c9f4919d0a) Importer(815301076,1909f56bfc062723c751e8b465ee728b)  -> (artifact id: '824ce29d0b1b33977556963eb23ecd3d') in 0.007163 seconds 
========================================================================
Received Import Request.
  Time since last request: 5.349013 seconds.
  path: Assets/Source/Blockout prefabs/1st zone .prefab
  artifactKey: Guid(c5ab180a87dd40547a1cf3c9f4919d0a) Importer(815301076,1909f56bfc062723c751e8b465ee728b)
Start importing Assets/Source/Blockout prefabs/1st zone .prefab using Guid(c5ab180a87dd40547a1cf3c9f4919d0a) Importer(815301076,1909f56bfc062723c751e8b465ee728b)  -> (artifact id: '26c046e1c557e91d792a1ee0102eb999') in 0.009109 seconds 
========================================================================
Received Import Request.
  Time since last request: 39.425988 seconds.
  path: Assets/Source/Blockout prefabs/1st zone .prefab
  artifactKey: Guid(c5ab180a87dd40547a1cf3c9f4919d0a) Importer(815301076,1909f56bfc062723c751e8b465ee728b)
Start importing Assets/Source/Blockout prefabs/1st zone .prefab using Guid(c5ab180a87dd40547a1cf3c9f4919d0a) Importer(815301076,1909f56bfc062723c751e8b465ee728b)  -> (artifact id: '4dc26da0f686b06712d8bdcc4189f77a') in 0.005076 seconds 
========================================================================
Received Import Request.
  Time since last request: 23.975542 seconds.
  path: Assets/Source/Blockout prefabs/1st zone .prefab
  artifactKey: Guid(c5ab180a87dd40547a1cf3c9f4919d0a) Importer(815301076,1909f56bfc062723c751e8b465ee728b)
Start importing Assets/Source/Blockout prefabs/1st zone .prefab using Guid(c5ab180a87dd40547a1cf3c9f4919d0a) Importer(815301076,1909f56bfc062723c751e8b465ee728b)  -> (artifact id: '225ed4319019332a71e95061f3dab584') in 0.007735 seconds 
========================================================================
Received Prepare
Registering precompiled user dll's ...
Registered in 0.008053 seconds.
Begin MonoManager ReloadAssembly
Symbol file LoadedFromMemory doesn't match image D:\Development projects\ZombuShooter\Library\PackageCache\com.unity.visualscripting@1.8.0\Editor\VisualScripting.Core\Dependencies\YamlDotNet\Unity.VisualScripting.YamlDotNet.dll
Symbol file LoadedFromMemory doesn't match image D:\Development projects\ZombuShooter\Library\PackageCache\com.unity.visualscripting@1.8.0\Editor\VisualScripting.Core\Dependencies\DotNetZip\Unity.VisualScripting.IonicZip.dll
Native extension for WindowsStandalone target not found
Native extension for Android target not found
Native extension for WebGL target not found
Refreshing native plugins compatible for Editor in 1.23 ms, found 3 plugins.
Preloading 0 native plugins for Editor in 0.00 ms.
Mono: successfully reloaded assembly
- Completed reload, in  1.615 seconds
Domain Reload Profiling:
	ReloadAssembly (1616ms)
		BeginReloadAssembly (202ms)
			ExecutionOrderSort (0ms)
			DisableScriptedObjects (6ms)
			BackupInstance (0ms)
			ReleaseScriptingObjects (0ms)
			CreateAndSetChildDomain (49ms)
		EndReloadAssembly (1305ms)
			LoadAssemblies (168ms)
			RebuildTransferFunctionScriptingTraits (0ms)
			SetupTypeCache (397ms)
			ReleaseScriptCaches (2ms)
			RebuildScriptCaches (66ms)
			SetupLoadedEditorAssemblies (674ms)
				LogAssemblyErrors (0ms)
				InitializePlatformSupportModulesInManaged (20ms)
				SetLoadedEditorAssemblies (0ms)
				RefreshPlugins (1ms)
				BeforeProcessingInitializeOnLoad (95ms)
				ProcessInitializeOnLoadAttributes (479ms)
				ProcessInitializeOnLoadMethodAttributes (75ms)
				AfterProcessingInitializeOnLoad (3ms)
				EditorAssembliesLoaded (0ms)
			ExecutionOrderSort2 (0ms)
			AwakeInstancesAfterBackupRestoration (7ms)
Platform modules already initialized, skipping
Refreshing native plugins compatible for Editor in 3.01 ms, found 3 plugins.
Preloading 0 native plugins for Editor in 0.00 ms.
Unloading 5255 Unused Serialized files (Serialized files now loaded: 0)
Unloading 26 unused Assets / (0.8 MB). Loaded Objects now: 5871.
Memory consumption went from 289.3 MB to 288.5 MB.
Total: 8.616100 ms (FindLiveObjects: 1.054900 ms CreateObjectMapping: 1.064300 ms MarkObjects: 5.925200 ms  DeleteObjects: 0.570100 ms)

AssetImportParameters requested are different than current active one (requested -> active):
  custom:video-decoder-ogg-theora: a1e56fd34408186e4bbccfd4996cb3dc -> 
  custom:container-muxer-webm: aa71ff27fc2769a1b78a27578f13a17b -> 
  custom:container-demuxer-webm: 4f35f7cbe854078d1ac9338744f61a02 -> 
  custom:video-encoder-webm-vp8: eb34c28f22e8b96e1ab97ce403110664 -> 
  custom:video-codec-MediaFoundation-h265: 746d11721c4dcdbdad8f713fa42b33f4 -> 
  custom:audio-encoder-webm-vorbis: bf7c407c2cedff20999df2af8eb42d56 -> 
  custom:framework-win-MediaFoundation: 216162199b28c13a410421893ffa2e32 -> 
  custom:container-demuxer-ogg: 62fdf1f143b41e24485cea50d1cbac27 -> 
  custom:video-decoder-webm-vp8: 9c59270c3fd7afecdb556c50c9e8de78 -> 
  custom:audio-decoder-ogg-vorbis: bf7c407c2cedff20999df2af8eb42d56 -> 
========================================================================
Received Import Request.
  Time since last request: 56.851497 seconds.
  path: Assets/Source/Blockout prefabs/1st zone .prefab
  artifactKey: Guid(c5ab180a87dd40547a1cf3c9f4919d0a) Importer(815301076,1909f56bfc062723c751e8b465ee728b)
Start importing Assets/Source/Blockout prefabs/1st zone .prefab using Guid(c5ab180a87dd40547a1cf3c9f4919d0a) Importer(815301076,1909f56bfc062723c751e8b465ee728b)  -> (artifact id: '51ff58a41d886f44cc1aa2c1fb3f04a3') in 0.041488 seconds 
========================================================================
Received Import Request.
  Time since last request: 52.333225 seconds.
  path: Assets/Source/Blockout prefabs/1st zone .prefab
  artifactKey: Guid(c5ab180a87dd40547a1cf3c9f4919d0a) Importer(815301076,1909f56bfc062723c751e8b465ee728b)
Start importing Assets/Source/Blockout prefabs/1st zone .prefab using Guid(c5ab180a87dd40547a1cf3c9f4919d0a) Importer(815301076,1909f56bfc062723c751e8b465ee728b)  -> (artifact id: '1fc93bf2437853a4c9ffcde1ba8202d9') in 0.006953 seconds 
========================================================================
Received Import Request.
  Time since last request: 126.846132 seconds.
  path: Assets/Source/Blockout prefabs/1st zone .prefab
  artifactKey: Guid(c5ab180a87dd40547a1cf3c9f4919d0a) Importer(815301076,1909f56bfc062723c751e8b465ee728b)
Start importing Assets/Source/Blockout prefabs/1st zone .prefab using Guid(c5ab180a87dd40547a1cf3c9f4919d0a) Importer(815301076,1909f56bfc062723c751e8b465ee728b)  -> (artifact id: 'e78570153644fe8bc3c32eb81913db08') in 0.007302 seconds 
========================================================================
Received Import Request.
  Time since last request: 40.937623 seconds.
  path: Assets/Source/Blockout prefabs/1st zone .prefab
  artifactKey: Guid(c5ab180a87dd40547a1cf3c9f4919d0a) Importer(815301076,1909f56bfc062723c751e8b465ee728b)
Start importing Assets/Source/Blockout prefabs/1st zone .prefab using Guid(c5ab180a87dd40547a1cf3c9f4919d0a) Importer(815301076,1909f56bfc062723c751e8b465ee728b)  -> (artifact id: '6a30ba4a6ccae4bbd3ea8f48f1646dd3') in 0.010354 seconds 
========================================================================
Received Import Request.
  Time since last request: 135.911745 seconds.
  path: Assets/Source/Blockout prefabs/2nd zone.prefab
  artifactKey: Guid(e4d0ef7c85fd6b64fb13e6338248bbe2) Importer(815301076,1909f56bfc062723c751e8b465ee728b)
Start importing Assets/Source/Blockout prefabs/2nd zone.prefab using Guid(e4d0ef7c85fd6b64fb13e6338248bbe2) Importer(815301076,1909f56bfc062723c751e8b465ee728b)  -> (artifact id: '2e96756215ca105c0ea08c9deff37fb5') in 0.047489 seconds 
========================================================================
Received Import Request.
  Time since last request: 407.959591 seconds.
  path: Assets/Source/Blockout prefabs/2nd zone.prefab
  artifactKey: Guid(e4d0ef7c85fd6b64fb13e6338248bbe2) Importer(815301076,1909f56bfc062723c751e8b465ee728b)
Start importing Assets/Source/Blockout prefabs/2nd zone.prefab using Guid(e4d0ef7c85fd6b64fb13e6338248bbe2) Importer(815301076,1909f56bfc062723c751e8b465ee728b)  -> (artifact id: '3dd1c93c17b21dae0d4bc2bb50f4a389') in 0.009909 seconds 
========================================================================
Received Import Request.
  Time since last request: 183.499645 seconds.
  path: Assets/Source/Blockout prefabs/1st zone .prefab
  artifactKey: Guid(c5ab180a87dd40547a1cf3c9f4919d0a) Importer(815301076,1909f56bfc062723c751e8b465ee728b)
Start importing Assets/Source/Blockout prefabs/1st zone .prefab using Guid(c5ab180a87dd40547a1cf3c9f4919d0a) Importer(815301076,1909f56bfc062723c751e8b465ee728b)  -> (artifact id: 'c18735320426d2a8f301883bd5c34970') in 0.010353 seconds 
========================================================================
Received Import Request.
  Time since last request: 104.560199 seconds.
  path: Assets/Source/Blockout prefabs/Safe Room .prefab
  artifactKey: Guid(208eff3ff8576d341beb134334bcfc7b) Importer(815301076,1909f56bfc062723c751e8b465ee728b)
Start importing Assets/Source/Blockout prefabs/Safe Room .prefab using Guid(208eff3ff8576d341beb134334bcfc7b) Importer(815301076,1909f56bfc062723c751e8b465ee728b)  -> (artifact id: '176a0c3019eda89b4deb3f679f74977d') in 0.042369 seconds 
========================================================================
Received Import Request.
  Time since last request: 22.445706 seconds.
  path: Assets/Source/Blockout prefabs/Bridge.prefab
  artifactKey: Guid(e3dc52d31e77dc348946e4b36bcd9155) Importer(815301076,1909f56bfc062723c751e8b465ee728b)
Start importing Assets/Source/Blockout prefabs/Bridge.prefab using Guid(e3dc52d31e77dc348946e4b36bcd9155) Importer(815301076,1909f56bfc062723c751e8b465ee728b)  -> (artifact id: '391747bce35084f79d5fc8f81a4a9473') in 0.010878 seconds 
========================================================================
Received Prepare
Registering precompiled user dll's ...
Registered in 0.008647 seconds.
Begin MonoManager ReloadAssembly
Symbol file LoadedFromMemory doesn't match image D:\Development projects\ZombuShooter\Library\PackageCache\com.unity.visualscripting@1.8.0\Editor\VisualScripting.Core\Dependencies\YamlDotNet\Unity.VisualScripting.YamlDotNet.dll
Symbol file LoadedFromMemory doesn't match image D:\Development projects\ZombuShooter\Library\PackageCache\com.unity.visualscripting@1.8.0\Editor\VisualScripting.Core\Dependencies\DotNetZip\Unity.VisualScripting.IonicZip.dll
Native extension for WindowsStandalone target not found
Native extension for Android target not found
Native extension for WebGL target not found
Refreshing native plugins compatible for Editor in 1.08 ms, found 3 plugins.
Preloading 0 native plugins for Editor in 0.00 ms.
Mono: successfully reloaded assembly
- Completed reload, in  1.679 seconds
Domain Reload Profiling:
	ReloadAssembly (1679ms)
		BeginReloadAssembly (195ms)
			ExecutionOrderSort (0ms)
			DisableScriptedObjects (5ms)
			BackupInstance (0ms)
			ReleaseScriptingObjects (0ms)
			CreateAndSetChildDomain (51ms)
		EndReloadAssembly (1377ms)
			LoadAssemblies (159ms)
			RebuildTransferFunctionScriptingTraits (0ms)
			SetupTypeCache (399ms)
			ReleaseScriptCaches (3ms)
			RebuildScriptCaches (72ms)
			SetupLoadedEditorAssemblies (722ms)
				LogAssemblyErrors (0ms)
				InitializePlatformSupportModulesInManaged (22ms)
				SetLoadedEditorAssemblies (0ms)
				RefreshPlugins (1ms)
				BeforeProcessingInitializeOnLoad (107ms)
				ProcessInitializeOnLoadAttributes (510ms)
				ProcessInitializeOnLoadMethodAttributes (78ms)
				AfterProcessingInitializeOnLoad (3ms)
				EditorAssembliesLoaded (0ms)
			ExecutionOrderSort2 (0ms)
			AwakeInstancesAfterBackupRestoration (8ms)
Platform modules already initialized, skipping
Refreshing native plugins compatible for Editor in 3.37 ms, found 3 plugins.
Preloading 0 native plugins for Editor in 0.00 ms.
Unloading 5255 Unused Serialized files (Serialized files now loaded: 0)
Unloading 26 unused Assets / (0.8 MB). Loaded Objects now: 5886.
Memory consumption went from 289.3 MB to 288.6 MB.
Total: 6.608800 ms (FindLiveObjects: 0.478100 ms CreateObjectMapping: 0.585600 ms MarkObjects: 4.929400 ms  DeleteObjects: 0.614000 ms)

AssetImportParameters requested are different than current active one (requested -> active):
  custom:video-decoder-ogg-theora: a1e56fd34408186e4bbccfd4996cb3dc -> 
  custom:container-muxer-webm: aa71ff27fc2769a1b78a27578f13a17b -> 
  custom:container-demuxer-webm: 4f35f7cbe854078d1ac9338744f61a02 -> 
  custom:video-encoder-webm-vp8: eb34c28f22e8b96e1ab97ce403110664 -> 
  custom:video-codec-MediaFoundation-h265: 746d11721c4dcdbdad8f713fa42b33f4 -> 
  custom:audio-encoder-webm-vorbis: bf7c407c2cedff20999df2af8eb42d56 -> 
  custom:framework-win-MediaFoundation: 216162199b28c13a410421893ffa2e32 -> 
  custom:container-demuxer-ogg: 62fdf1f143b41e24485cea50d1cbac27 -> 
  custom:video-decoder-webm-vp8: 9c59270c3fd7afecdb556c50c9e8de78 -> 
  custom:audio-decoder-ogg-vorbis: bf7c407c2cedff20999df2af8eb42d56 -> 
